<?xml version="1.0" encoding="UTF-8"?>
<coverage generated="1556299916281" clover="3.2.0">
  <project timestamp="1556299916282" name="All files">
    <metrics statements="14" coveredstatements="11" conditionals="0" coveredconditionals="0" methods="8" coveredmethods="5" elements="22" coveredelements="16" complexity="0" loc="14" ncloc="14" packages="1" files="3" classes="3"/>
    <file name="Counter.jsx" path="C:\Users\sgibson\source\repos\ASPNetCoreReact\ASPNetCoreReact\wwwroot\react\components\Counter.jsx">
      <metrics statements="5" coveredstatements="4" conditionals="0" coveredconditionals="0" methods="4" coveredmethods="3"/>
      <line num="7" count="3" type="stmt"/>
      <line num="8" count="3" type="stmt"/>
      <line num="13" count="4" type="stmt"/>
      <line num="17" count="0" type="stmt"/>
      <line num="23" count="1" type="stmt"/>
    </file>
    <file name="InputForm.jsx" path="C:\Users\sgibson\source\repos\ASPNetCoreReact\ASPNetCoreReact\wwwroot\react\components\InputForm.jsx">
      <metrics statements="4" coveredstatements="3" conditionals="0" coveredconditionals="0" methods="2" coveredmethods="1"/>
      <line num="5" count="1" type="stmt"/>
      <line num="13" count="0" type="stmt"/>
      <line num="16" count="1" type="stmt"/>
      <line num="17" count="1" type="stmt"/>
    </file>
    <file name="TopMenu.jsx" path="C:\Users\sgibson\source\repos\ASPNetCoreReact\ASPNetCoreReact\wwwroot\react\components\TopMenu.jsx">
      <metrics statements="5" coveredstatements="4" conditionals="0" coveredconditionals="0" methods="2" coveredmethods="1"/>
      <line num="8" count="0" type="stmt"/>
      <line num="11" count="2" type="stmt"/>
      <line num="13" count="2" type="stmt"/>
      <line num="37" count="1" type="stmt"/>
      <line num="41" count="1" type="stmt"/>
    </file>
  </project>
</coverage>
