{"C:\\Users\\sgibson\\source\\repos\\ASPNetCoreReact\\ASPNetCoreReact\\wwwroot\\react\\components\\Counter.jsx": {"path":"C:\\Users\\sgibson\\source\\repos\\ASPNetCoreReact\\ASPNetCoreReact\\wwwroot\\react\\components\\Counter.jsx","statementMap":{"0":{"start":{"line":7,"column":6},"end":{"line":7,"column":14}},"1":{"start":{"line":8,"column":6},"end":{"line":10,"column":8}},"2":{"start":{"line":13,"column":6},"end":{"line":20,"column":13}},"3":{"start":{"line":17,"column":12},"end":{"line":17,"column":35}},"4":{"start":{"line":23,"column":6},"end":{"line":25,"column":9}}},"fnMap":{"0":{"name":"(anonymous_0)","decl":{"start":{"line":6,"column":3},"end":{"line":6,"column":4}},"loc":{"start":{"line":6,"column":17},"end":{"line":11,"column":4}},"line":6},"1":{"name":"(anonymous_1)","decl":{"start":{"line":12,"column":3},"end":{"line":12,"column":4}},"loc":{"start":{"line":12,"column":12},"end":{"line":21,"column":4}},"line":12},"2":{"name":"(anonymous_2)","decl":{"start":{"line":16,"column":26},"end":{"line":16,"column":27}},"loc":{"start":{"line":16,"column":32},"end":{"line":18,"column":10}},"line":16},"3":{"name":"(anonymous_3)","decl":{"start":{"line":22,"column":3},"end":{"line":22,"column":4}},"loc":{"start":{"line":22,"column":22},"end":{"line":26,"column":4}},"line":22}},"branchMap":{},"s":{"0":3,"1":3,"2":4,"3":0,"4":1},"f":{"0":3,"1":4,"2":0,"3":1},"b":{},"_coverageSchema":"43e27e138ebf9cfc5966b082cf9a028302ed4184","hash":"edf808ea62e47d193ba14f93540b9cd7c8a1b1af"}
,"C:\\Users\\sgibson\\source\\repos\\ASPNetCoreReact\\ASPNetCoreReact\\wwwroot\\react\\components\\InputForm.jsx": {"path":"C:\\Users\\sgibson\\source\\repos\\ASPNetCoreReact\\ASPNetCoreReact\\wwwroot\\react\\components\\InputForm.jsx","statementMap":{"0":{"start":{"line":5,"column":16},"end":{"line":8,"column":1}},"1":{"start":{"line":13,"column":35},"end":{"line":13,"column":59}},"2":{"start":{"line":16,"column":22},"end":{"line":16,"column":32}},"3":{"start":{"line":17,"column":4},"end":{"line":51,"column":5}}},"fnMap":{"0":{"name":"(anonymous_0)","decl":{"start":{"line":13,"column":17},"end":{"line":13,"column":18}},"loc":{"start":{"line":13,"column":35},"end":{"line":13,"column":59}},"line":13},"1":{"name":"(anonymous_1)","decl":{"start":{"line":15,"column":2},"end":{"line":15,"column":3}},"loc":{"start":{"line":15,"column":11},"end":{"line":52,"column":3}},"line":15}},"branchMap":{},"s":{"0":1,"1":0,"2":1,"3":1},"f":{"0":0,"1":1},"b":{},"_coverageSchema":"43e27e138ebf9cfc5966b082cf9a028302ed4184","hash":"381a21b8a66f96bba6126231575b030f10de2626"}
,"C:\\Users\\sgibson\\source\\repos\\ASPNetCoreReact\\ASPNetCoreReact\\wwwroot\\react\\components\\TopMenu.jsx": {"path":"C:\\Users\\sgibson\\source\\repos\\ASPNetCoreReact\\ASPNetCoreReact\\wwwroot\\react\\components\\TopMenu.jsx","statementMap":{"0":{"start":{"line":8,"column":37},"end":{"line":8,"column":72}},"1":{"start":{"line":11,"column":27},"end":{"line":11,"column":37}},"2":{"start":{"line":13,"column":4},"end":{"line":33,"column":5}},"3":{"start":{"line":37,"column":0},"end":{"line":39,"column":2}},"4":{"start":{"line":41,"column":0},"end":{"line":43,"column":2}}},"fnMap":{"0":{"name":"(anonymous_0)","decl":{"start":{"line":8,"column":20},"end":{"line":8,"column":21}},"loc":{"start":{"line":8,"column":37},"end":{"line":8,"column":72}},"line":8},"1":{"name":"(anonymous_1)","decl":{"start":{"line":10,"column":2},"end":{"line":10,"column":3}},"loc":{"start":{"line":10,"column":11},"end":{"line":34,"column":3}},"line":10}},"branchMap":{},"s":{"0":0,"1":2,"2":2,"3":1,"4":1},"f":{"0":0,"1":2},"b":{},"_coverageSchema":"43e27e138ebf9cfc5966b082cf9a028302ed4184","hash":"af9ac069b980d87836a2ce9eed6c6d89a2b45e63"}
}
