{"C:\\Users\\sgibson\\source\\repos\\ASPNetCoreReact\\ASPNetCoreReact\\wwwroot\\react\\components\\counter.js": {"path":"C:\\Users\\sgibson\\source\\repos\\ASPNetCoreReact\\ASPNetCoreReact\\wwwroot\\react\\components\\counter.js","statementMap":{"0":{"start":{"line":7,"column":6},"end":{"line":7,"column":14}},"1":{"start":{"line":8,"column":6},"end":{"line":10,"column":8}},"2":{"start":{"line":13,"column":6},"end":{"line":20,"column":13}},"3":{"start":{"line":17,"column":12},"end":{"line":17,"column":35}},"4":{"start":{"line":23,"column":6},"end":{"line":25,"column":9}}},"fnMap":{"0":{"name":"(anonymous_0)","decl":{"start":{"line":6,"column":3},"end":{"line":6,"column":4}},"loc":{"start":{"line":6,"column":17},"end":{"line":11,"column":4}},"line":6},"1":{"name":"(anonymous_1)","decl":{"start":{"line":12,"column":3},"end":{"line":12,"column":4}},"loc":{"start":{"line":12,"column":12},"end":{"line":21,"column":4}},"line":12},"2":{"name":"(anonymous_2)","decl":{"start":{"line":16,"column":26},"end":{"line":16,"column":27}},"loc":{"start":{"line":16,"column":32},"end":{"line":18,"column":10}},"line":16},"3":{"name":"(anonymous_3)","decl":{"start":{"line":22,"column":3},"end":{"line":22,"column":4}},"loc":{"start":{"line":22,"column":22},"end":{"line":26,"column":4}},"line":22}},"branchMap":{},"s":{"0":2,"1":2,"2":3,"3":0,"4":1},"f":{"0":2,"1":3,"2":0,"3":1},"b":{},"_coverageSchema":"43e27e138ebf9cfc5966b082cf9a028302ed4184","hash":"15e2f3bbadd2bcbe904b410450b205dabaf6301d"}
}
