TN:
SF:C:\Users\sgibson\source\repos\ASPNetCoreReact\ASPNetCoreReact\wwwroot\react\components\Counter.jsx
FN:6,(anonymous_0)
FN:12,(anonymous_1)
FN:16,(anonymous_2)
FN:22,(anonymous_3)
FNF:4
FNH:3
FNDA:2,(anonymous_0)
FNDA:3,(anonymous_1)
FNDA:0,(anonymous_2)
FNDA:1,(anonymous_3)
DA:7,2
DA:8,2
DA:13,3
DA:17,0
DA:23,1
LF:5
LH:4
BRF:0
BRH:0
end_of_record
TN:
SF:C:\Users\sgibson\source\repos\ASPNetCoreReact\ASPNetCoreReact\wwwroot\react\components\InputForm.jsx
FN:13,(anonymous_0)
FN:15,(anonymous_1)
FNF:2
FNH:1
FNDA:0,(anonymous_0)
FNDA:1,(anonymous_1)
DA:5,1
DA:13,0
DA:16,1
DA:17,1
LF:4
LH:3
BRF:0
BRH:0
end_of_record
TN:
SF:C:\Users\sgibson\source\repos\ASPNetCoreReact\ASPNetCoreReact\wwwroot\react\components\TopMenu.jsx
FN:8,(anonymous_0)
FN:10,(anonymous_1)
FNF:2
FNH:1
FNDA:0,(anonymous_0)
FNDA:2,(anonymous_1)
DA:8,0
DA:11,2
DA:13,2
DA:37,1
DA:41,1
LF:5
LH:4
BRF:0
BRH:0
end_of_record
